This is pdfTeX, Version 3.14159265-2.6-1.40.15 (TeX Live 2014) (preloaded format=pdflatex 2014.5.25)  16 OCT 2014 10:28
entering extended mode
 restricted \write18 enabled.
 %&-line parsing enabled.
**multiscale.tex -recorder
(./multiscale.tex
LaTeX2e <2014/05/01>
Babel <3.9k> and hyphenation patterns for 78 languages loaded.
(/usr/local/texlive/2014/texmf-dist/tex/latex/base/article.cls
Document Class: article 2007/10/19 v1.4h Standard LaTeX document class
(/usr/local/texlive/2014/texmf-dist/tex/latex/base/size10.clo
File: size10.clo 2007/10/19 v1.4h Standard LaTeX file (size option)
)
\c@part=\count79
\c@section=\count80
\c@subsection=\count81
\c@subsubsection=\count82
\c@paragraph=\count83
\c@subparagraph=\count84
\c@figure=\count85
\c@table=\count86
\abovecaptionskip=\skip41
\belowcaptionskip=\skip42
\bibindent=\dimen102
)
(/usr/local/texlive/2014/texmf-dist/tex/latex/amsmath/amsmath.sty
Package: amsmath 2013/01/14 v2.14 AMS math features
\@mathmargin=\skip43

For additional information on amsmath, use the `?' option.
(/usr/local/texlive/2014/texmf-dist/tex/latex/amsmath/amstext.sty
Package: amstext 2000/06/29 v2.01

(/usr/local/texlive/2014/texmf-dist/tex/latex/amsmath/amsgen.sty
File: amsgen.sty 1999/11/30 v2.0
\@emptytoks=\toks14
\ex@=\dimen103
))
(/usr/local/texlive/2014/texmf-dist/tex/latex/amsmath/amsbsy.sty
Package: amsbsy 1999/11/29 v1.2d
\pmbraise@=\dimen104
)
(/usr/local/texlive/2014/texmf-dist/tex/latex/amsmath/amsopn.sty
Package: amsopn 1999/12/14 v2.01 operator names
)
\inf@bad=\count87
LaTeX Info: Redefining \frac on input line 210.
\uproot@=\count88
\leftroot@=\count89
LaTeX Info: Redefining \overline on input line 306.
\classnum@=\count90
\DOTSCASE@=\count91
LaTeX Info: Redefining \ldots on input line 378.
LaTeX Info: Redefining \dots on input line 381.
LaTeX Info: Redefining \cdots on input line 466.
\Mathstrutbox@=\box26
\strutbox@=\box27
\big@size=\dimen105
LaTeX Font Info:    Redeclaring font encoding OML on input line 566.
LaTeX Font Info:    Redeclaring font encoding OMS on input line 567.
\macc@depth=\count92
\c@MaxMatrixCols=\count93
\dotsspace@=\muskip10
\c@parentequation=\count94
\dspbrk@lvl=\count95
\tag@help=\toks15
\row@=\count96
\column@=\count97
\maxfields@=\count98
\andhelp@=\toks16
\eqnshift@=\dimen106
\alignsep@=\dimen107
\tagshift@=\dimen108
\tagwidth@=\dimen109
\totwidth@=\dimen110
\lineht@=\dimen111
\@envbody=\toks17
\multlinegap=\skip44
\multlinetaggap=\skip45
\mathdisplay@stack=\toks18
LaTeX Info: Redefining \[ on input line 2665.
LaTeX Info: Redefining \] on input line 2666.
)
(/usr/local/texlive/2014/texmf-dist/tex/latex/amsfonts/amsfonts.sty
Package: amsfonts 2013/01/14 v3.01 Basic AMSFonts support
\symAMSa=\mathgroup4
\symAMSb=\mathgroup5
LaTeX Font Info:    Overwriting math alphabet `\mathfrak' in version `bold'
(Font)                  U/euf/m/n --> U/euf/b/n on input line 106.
)
(/usr/local/texlive/2014/texmf-dist/tex/latex/amscls/amsthm.sty
Package: amsthm 2004/08/06 v2.20
\thm@style=\toks19
\thm@bodyfont=\toks20
\thm@headfont=\toks21
\thm@notefont=\toks22
\thm@headpunct=\toks23
\thm@preskip=\skip46
\thm@postskip=\skip47
\thm@headsep=\skip48
\dth@everypar=\toks24
)
(/usr/local/texlive/2014/texmf-dist/tex/latex/preprint/fullpage.sty
Package: fullpage 1999/02/23 1.1 (PWD)
\FP@margin=\skip49
)
(/usr/local/texlive/2014/texmf-dist/tex/latex/float/float.sty
Package: float 2001/11/08 v1.3d Float enhancements (AL)
\c@float@type=\count99
\float@exts=\toks25
\float@box=\box28
\@float@everytoks=\toks26
\@floatcapt=\box29
)
(/usr/local/texlive/2014/texmf-dist/tex/latex/graphics/color.sty
Package: color 2014/04/23 v1.1a Standard LaTeX Color (DPC)

(/usr/local/texlive/2014/texmf-dist/tex/latex/latexconfig/color.cfg
File: color.cfg 2007/01/18 v1.5 color configuration of teTeX/TeXLive
)
Package color Info: Driver file: pdftex.def on input line 137.

(/usr/local/texlive/2014/texmf-dist/tex/latex/pdftex-def/pdftex.def
File: pdftex.def 2011/05/27 v0.06d Graphics/color for pdfTeX

(/usr/local/texlive/2014/texmf-dist/tex/generic/oberdiek/infwarerr.sty
Package: infwarerr 2010/04/08 v1.3 Providing info/warning/error messages (HO)
)
(/usr/local/texlive/2014/texmf-dist/tex/generic/oberdiek/ltxcmds.sty
Package: ltxcmds 2011/11/09 v1.22 LaTeX kernel commands for general use (HO)
)
\Gread@gobject=\count100
))
(/usr/local/texlive/2014/texmf-dist/tex/latex/graphics/graphicx.sty
Package: graphicx 2014/04/25 v1.0g Enhanced LaTeX Graphics (DPC,SPQR)

(/usr/local/texlive/2014/texmf-dist/tex/latex/graphics/keyval.sty
Package: keyval 2014/05/08 v1.15 key=value parser (DPC)
\KV@toks@=\toks27
)
(/usr/local/texlive/2014/texmf-dist/tex/latex/graphics/graphics.sty
Package: graphics 2009/02/05 v1.0o Standard LaTeX Graphics (DPC,SPQR)

(/usr/local/texlive/2014/texmf-dist/tex/latex/graphics/trig.sty
Package: trig 1999/03/16 v1.09 sin cos tan (DPC)
)
(/usr/local/texlive/2014/texmf-dist/tex/latex/latexconfig/graphics.cfg
File: graphics.cfg 2010/04/23 v1.9 graphics configuration of TeX Live
)
Package graphics Info: Driver file: pdftex.def on input line 91.
)
\Gin@req@height=\dimen112
\Gin@req@width=\dimen113
)
(/usr/local/texlive/2014/texmf-dist/tex/latex/subfig/subfig.sty
Package: subfig 2005/06/28 ver: 1.3 subfig package

(/usr/local/texlive/2014/texmf-dist/tex/latex/caption/caption.sty
Package: caption 2013/05/02 v3.3-89 Customizing captions (AR)

(/usr/local/texlive/2014/texmf-dist/tex/latex/caption/caption3.sty
Package: caption3 2013/05/02 v1.6-88 caption3 kernel (AR)
Package caption3 Info: TeX engine: e-TeX on input line 57.
\captionmargin=\dimen114
\captionmargin@=\dimen115
\captionwidth=\dimen116
\caption@tempdima=\dimen117
\caption@indent=\dimen118
\caption@parindent=\dimen119
\caption@hangindent=\dimen120
)
\c@ContinuedFloat=\count101
Package caption Info: float package is loaded.
)
\c@KVtest=\count102
\sf@farskip=\skip50
\sf@captopadj=\dimen121
\sf@capskip=\skip51
\sf@nearskip=\skip52
\c@subfigure=\count103
\c@subfigure@save=\count104
\c@lofdepth=\count105
\c@subtable=\count106
\c@subtable@save=\count107
\c@lotdepth=\count108
\sf@top=\skip53
\sf@bottom=\skip54
)
(/usr/local/texlive/2014/texmf-dist/tex/latex/preprint/authblk.sty
Package: authblk 2001/02/27 1.3 (PWD)
\affilsep=\skip55
\@affilsep=\skip56
\c@Maxaffil=\count109
\c@authors=\count110
\c@affil=\count111
)
(/usr/local/texlive/2014/texmf-dist/tex/latex/tikz-qtree/tikz-qtree.sty
(/usr/local/texlive/2014/texmf-dist/tex/latex/pgf/frontendlayer/tikz.sty
(/usr/local/texlive/2014/texmf-dist/tex/latex/pgf/basiclayer/pgf.sty
(/usr/local/texlive/2014/texmf-dist/tex/latex/pgf/utilities/pgfrcs.sty
(/usr/local/texlive/2014/texmf-dist/tex/generic/pgf/utilities/pgfutil-common.te
x
\pgfutil@everybye=\toks28
\pgfutil@tempdima=\dimen122
\pgfutil@tempdimb=\dimen123

(/usr/local/texlive/2014/texmf-dist/tex/generic/pgf/utilities/pgfutil-common-li
sts.tex))
(/usr/local/texlive/2014/texmf-dist/tex/generic/pgf/utilities/pgfutil-latex.def
\pgfutil@abb=\box30
(/usr/local/texlive/2014/texmf-dist/tex/latex/ms/everyshi.sty
Package: everyshi 2001/05/15 v3.00 EveryShipout Package (MS)
))
(/usr/local/texlive/2014/texmf-dist/tex/generic/pgf/utilities/pgfrcs.code.tex
Package: pgfrcs 2013/12/20 v3.0.0 (rcs-revision 1.28)
))
Package: pgf 2013/12/18 v3.0.0 (rcs-revision 1.14)
(/usr/local/texlive/2014/texmf-dist/tex/latex/pgf/basiclayer/pgfcore.sty
(/usr/local/texlive/2014/texmf-dist/tex/latex/pgf/systemlayer/pgfsys.sty
(/usr/local/texlive/2014/texmf-dist/tex/generic/pgf/systemlayer/pgfsys.code.tex
Package: pgfsys 2013/11/30 v3.0.0 (rcs-revision 1.47)
(/usr/local/texlive/2014/texmf-dist/tex/generic/pgf/utilities/pgfkeys.code.tex
\pgfkeys@pathtoks=\toks29
\pgfkeys@temptoks=\toks30

(/usr/local/texlive/2014/texmf-dist/tex/generic/pgf/utilities/pgfkeysfiltered.c
ode.tex
\pgfkeys@tmptoks=\toks31
))
\pgf@x=\dimen124
\pgf@y=\dimen125
\pgf@xa=\dimen126
\pgf@ya=\dimen127
\pgf@xb=\dimen128
\pgf@yb=\dimen129
\pgf@xc=\dimen130
\pgf@yc=\dimen131
\w@pgf@writea=\write3
\r@pgf@reada=\read1
\c@pgf@counta=\count112
\c@pgf@countb=\count113
\c@pgf@countc=\count114
\c@pgf@countd=\count115
\t@pgf@toka=\toks32
\t@pgf@tokb=\toks33
\t@pgf@tokc=\toks34

(/usr/local/texlive/2014/texmf-dist/tex/generic/pgf/systemlayer/pgf.cfg
File: pgf.cfg 2008/05/14  (rcs-revision 1.7)
)
Driver file for pgf: pgfsys-pdftex.def

(/usr/local/texlive/2014/texmf-dist/tex/generic/pgf/systemlayer/pgfsys-pdftex.d
ef
File: pgfsys-pdftex.def 2013/07/18  (rcs-revision 1.33)

(/usr/local/texlive/2014/texmf-dist/tex/generic/pgf/systemlayer/pgfsys-common-p
df.def
File: pgfsys-common-pdf.def 2013/10/10  (rcs-revision 1.13)
)))
(/usr/local/texlive/2014/texmf-dist/tex/generic/pgf/systemlayer/pgfsyssoftpath.
code.tex
File: pgfsyssoftpath.code.tex 2013/09/09  (rcs-revision 1.9)
\pgfsyssoftpath@smallbuffer@items=\count116
\pgfsyssoftpath@bigbuffer@items=\count117
)
(/usr/local/texlive/2014/texmf-dist/tex/generic/pgf/systemlayer/pgfsysprotocol.
code.tex
File: pgfsysprotocol.code.tex 2006/10/16  (rcs-revision 1.4)
)) (/usr/local/texlive/2014/texmf-dist/tex/latex/xcolor/xcolor.sty
Package: xcolor 2007/01/21 v2.11 LaTeX color extensions (UK)

(/usr/local/texlive/2014/texmf-dist/tex/latex/latexconfig/color.cfg
File: color.cfg 2007/01/18 v1.5 color configuration of teTeX/TeXLive
)
Package xcolor Info: Driver file: pdftex.def on input line 225.
LaTeX Info: Redefining \color on input line 702.
Package xcolor Info: Model `cmy' substituted by `cmy0' on input line 1337.
Package xcolor Info: Model `hsb' substituted by `rgb' on input line 1341.
Package xcolor Info: Model `RGB' extended on input line 1353.
Package xcolor Info: Model `HTML' substituted by `rgb' on input line 1355.
Package xcolor Info: Model `Hsb' substituted by `hsb' on input line 1356.
Package xcolor Info: Model `tHsb' substituted by `hsb' on input line 1357.
Package xcolor Info: Model `HSB' substituted by `hsb' on input line 1358.
Package xcolor Info: Model `Gray' substituted by `gray' on input line 1359.
Package xcolor Info: Model `wave' substituted by `hsb' on input line 1360.
)
(/usr/local/texlive/2014/texmf-dist/tex/generic/pgf/basiclayer/pgfcore.code.tex
Package: pgfcore 2010/04/11 v3.0.0 (rcs-revision 1.7)
(/usr/local/texlive/2014/texmf-dist/tex/generic/pgf/math/pgfmath.code.tex
(/usr/local/texlive/2014/texmf-dist/tex/generic/pgf/math/pgfmathcalc.code.tex
(/usr/local/texlive/2014/texmf-dist/tex/generic/pgf/math/pgfmathutil.code.tex)
(/usr/local/texlive/2014/texmf-dist/tex/generic/pgf/math/pgfmathparser.code.tex
\pgfmath@dimen=\dimen132
\pgfmath@count=\count118
\pgfmath@box=\box31
\pgfmath@toks=\toks35
\pgfmath@stack@operand=\toks36
\pgfmath@stack@operation=\toks37
)
(/usr/local/texlive/2014/texmf-dist/tex/generic/pgf/math/pgfmathfunctions.code.
tex
(/usr/local/texlive/2014/texmf-dist/tex/generic/pgf/math/pgfmathfunctions.basic
.code.tex)
(/usr/local/texlive/2014/texmf-dist/tex/generic/pgf/math/pgfmathfunctions.trigo
nometric.code.tex)
(/usr/local/texlive/2014/texmf-dist/tex/generic/pgf/math/pgfmathfunctions.rando
m.code.tex)
(/usr/local/texlive/2014/texmf-dist/tex/generic/pgf/math/pgfmathfunctions.compa
rison.code.tex)
(/usr/local/texlive/2014/texmf-dist/tex/generic/pgf/math/pgfmathfunctions.base.
code.tex)
(/usr/local/texlive/2014/texmf-dist/tex/generic/pgf/math/pgfmathfunctions.round
.code.tex)
(/usr/local/texlive/2014/texmf-dist/tex/generic/pgf/math/pgfmathfunctions.misc.
code.tex)
(/usr/local/texlive/2014/texmf-dist/tex/generic/pgf/math/pgfmathfunctions.integ
erarithmetics.code.tex)))
(/usr/local/texlive/2014/texmf-dist/tex/generic/pgf/math/pgfmathfloat.code.tex
\c@pgfmathroundto@lastzeros=\count119
))
(/usr/local/texlive/2014/texmf-dist/tex/generic/pgf/basiclayer/pgfcorepoints.co
de.tex
File: pgfcorepoints.code.tex 2013/10/07  (rcs-revision 1.27)
\pgf@picminx=\dimen133
\pgf@picmaxx=\dimen134
\pgf@picminy=\dimen135
\pgf@picmaxy=\dimen136
\pgf@pathminx=\dimen137
\pgf@pathmaxx=\dimen138
\pgf@pathminy=\dimen139
\pgf@pathmaxy=\dimen140
\pgf@xx=\dimen141
\pgf@xy=\dimen142
\pgf@yx=\dimen143
\pgf@yy=\dimen144
\pgf@zx=\dimen145
\pgf@zy=\dimen146
)
(/usr/local/texlive/2014/texmf-dist/tex/generic/pgf/basiclayer/pgfcorepathconst
ruct.code.tex
File: pgfcorepathconstruct.code.tex 2013/10/07  (rcs-revision 1.29)
\pgf@path@lastx=\dimen147
\pgf@path@lasty=\dimen148
)
(/usr/local/texlive/2014/texmf-dist/tex/generic/pgf/basiclayer/pgfcorepathusage
.code.tex
File: pgfcorepathusage.code.tex 2013/12/13  (rcs-revision 1.23)
\pgf@shorten@end@additional=\dimen149
\pgf@shorten@start@additional=\dimen150
)
(/usr/local/texlive/2014/texmf-dist/tex/generic/pgf/basiclayer/pgfcorescopes.co
de.tex
File: pgfcorescopes.code.tex 2013/10/09  (rcs-revision 1.44)
\pgfpic=\box32
\pgf@hbox=\box33
\pgf@layerbox@main=\box34
\pgf@picture@serial@count=\count120
)
(/usr/local/texlive/2014/texmf-dist/tex/generic/pgf/basiclayer/pgfcoregraphicst
ate.code.tex
File: pgfcoregraphicstate.code.tex 2013/09/19  (rcs-revision 1.11)
\pgflinewidth=\dimen151
)
(/usr/local/texlive/2014/texmf-dist/tex/generic/pgf/basiclayer/pgfcoretransform
ations.code.tex
File: pgfcoretransformations.code.tex 2013/10/10  (rcs-revision 1.17)
\pgf@pt@x=\dimen152
\pgf@pt@y=\dimen153
\pgf@pt@temp=\dimen154
)
(/usr/local/texlive/2014/texmf-dist/tex/generic/pgf/basiclayer/pgfcorequick.cod
e.tex
File: pgfcorequick.code.tex 2008/10/09  (rcs-revision 1.3)
)
(/usr/local/texlive/2014/texmf-dist/tex/generic/pgf/basiclayer/pgfcoreobjects.c
ode.tex
File: pgfcoreobjects.code.tex 2006/10/11  (rcs-revision 1.2)
)
(/usr/local/texlive/2014/texmf-dist/tex/generic/pgf/basiclayer/pgfcorepathproce
ssing.code.tex
File: pgfcorepathprocessing.code.tex 2013/09/09  (rcs-revision 1.9)
)
(/usr/local/texlive/2014/texmf-dist/tex/generic/pgf/basiclayer/pgfcorearrows.co
de.tex
File: pgfcorearrows.code.tex 2013/11/07  (rcs-revision 1.40)
\pgfarrowsep=\dimen155
)
(/usr/local/texlive/2014/texmf-dist/tex/generic/pgf/basiclayer/pgfcoreshade.cod
e.tex
File: pgfcoreshade.code.tex 2013/07/15  (rcs-revision 1.15)
\pgf@max=\dimen156
\pgf@sys@shading@range@num=\count121
)
(/usr/local/texlive/2014/texmf-dist/tex/generic/pgf/basiclayer/pgfcoreimage.cod
e.tex
File: pgfcoreimage.code.tex 2013/07/15  (rcs-revision 1.18)

(/usr/local/texlive/2014/texmf-dist/tex/generic/pgf/basiclayer/pgfcoreexternal.
code.tex
File: pgfcoreexternal.code.tex 2013/07/15  (rcs-revision 1.20)
\pgfexternal@startupbox=\box35
))
(/usr/local/texlive/2014/texmf-dist/tex/generic/pgf/basiclayer/pgfcorelayers.co
de.tex
File: pgfcorelayers.code.tex 2013/07/18  (rcs-revision 1.7)
)
(/usr/local/texlive/2014/texmf-dist/tex/generic/pgf/basiclayer/pgfcoretranspare
ncy.code.tex
File: pgfcoretransparency.code.tex 2013/09/30  (rcs-revision 1.5)
)
(/usr/local/texlive/2014/texmf-dist/tex/generic/pgf/basiclayer/pgfcorepatterns.
code.tex
File: pgfcorepatterns.code.tex 2013/11/07  (rcs-revision 1.5)
)))
(/usr/local/texlive/2014/texmf-dist/tex/generic/pgf/modules/pgfmoduleshapes.cod
e.tex
File: pgfmoduleshapes.code.tex 2013/10/31  (rcs-revision 1.34)
\pgfnodeparttextbox=\box36
)
(/usr/local/texlive/2014/texmf-dist/tex/generic/pgf/modules/pgfmoduleplot.code.
tex
File: pgfmoduleplot.code.tex 2013/07/31  (rcs-revision 1.12)
)
(/usr/local/texlive/2014/texmf-dist/tex/latex/pgf/compatibility/pgfcomp-version
-0-65.sty
Package: pgfcomp-version-0-65 2007/07/03 v3.0.0 (rcs-revision 1.7)
\pgf@nodesepstart=\dimen157
\pgf@nodesepend=\dimen158
)
(/usr/local/texlive/2014/texmf-dist/tex/latex/pgf/compatibility/pgfcomp-version
-1-18.sty
Package: pgfcomp-version-1-18 2007/07/23 v3.0.0 (rcs-revision 1.1)
))
(/usr/local/texlive/2014/texmf-dist/tex/latex/pgf/utilities/pgffor.sty
(/usr/local/texlive/2014/texmf-dist/tex/latex/pgf/utilities/pgfkeys.sty
(/usr/local/texlive/2014/texmf-dist/tex/generic/pgf/utilities/pgfkeys.code.tex)
) (/usr/local/texlive/2014/texmf-dist/tex/latex/pgf/math/pgfmath.sty
(/usr/local/texlive/2014/texmf-dist/tex/generic/pgf/math/pgfmath.code.tex))
(/usr/local/texlive/2014/texmf-dist/tex/generic/pgf/utilities/pgffor.code.tex
Package: pgffor 2013/12/13 v3.0.0 (rcs-revision 1.25)

(/usr/local/texlive/2014/texmf-dist/tex/generic/pgf/math/pgfmath.code.tex)
\pgffor@iter=\dimen159
\pgffor@skip=\dimen160
\pgffor@stack=\toks38
\pgffor@toks=\toks39
))
(/usr/local/texlive/2014/texmf-dist/tex/generic/pgf/frontendlayer/tikz/tikz.cod
e.tex
Package: tikz 2013/12/13 v3.0.0 (rcs-revision 1.142)

(/usr/local/texlive/2014/texmf-dist/tex/generic/pgf/libraries/pgflibraryplothan
dlers.code.tex
File: pgflibraryplothandlers.code.tex 2013/08/31 v3.0.0 (rcs-revision 1.20)
\pgf@plot@mark@count=\count122
\pgfplotmarksize=\dimen161
)
\tikz@lastx=\dimen162
\tikz@lasty=\dimen163
\tikz@lastxsaved=\dimen164
\tikz@lastysaved=\dimen165
\tikzleveldistance=\dimen166
\tikzsiblingdistance=\dimen167
\tikz@figbox=\box37
\tikz@figbox@bg=\box38
\tikz@tempbox=\box39
\tikz@tempbox@bg=\box40
\tikztreelevel=\count123
\tikznumberofchildren=\count124
\tikznumberofcurrentchild=\count125
\tikz@fig@count=\count126

(/usr/local/texlive/2014/texmf-dist/tex/generic/pgf/modules/pgfmodulematrix.cod
e.tex
File: pgfmodulematrix.code.tex 2013/09/17  (rcs-revision 1.8)
\pgfmatrixcurrentrow=\count127
\pgfmatrixcurrentcolumn=\count128
\pgf@matrix@numberofcolumns=\count129
)
\tikz@expandcount=\count130

(/usr/local/texlive/2014/texmf-dist/tex/generic/pgf/frontendlayer/tikz/librarie
s/tikzlibrarytopaths.code.tex
File: tikzlibrarytopaths.code.tex 2008/06/17 v3.0.0 (rcs-revision 1.2)
)))
(/usr/local/texlive/2014/texmf-dist/tex/latex/tikz-qtree/pgftree.sty
(/usr/local/texlive/2014/texmf-dist/tex/latex/tikz-qtree/pgfsubpic.sty
(/usr/local/texlive/2014/texmf-dist/tex/latex/tikz-qtree/pgfsubpic.tex
\pgf@subpicminx=\dimen168
\pgf@subpicminy=\dimen169
\pgf@subpicmaxx=\dimen170
\pgf@subpicmaxy=\dimen171
))
(/usr/local/texlive/2014/texmf-dist/tex/latex/tikz-qtree/pgftree.tex
\levelsep=\dimen172
\subtreesep=\dimen173
\smuggle@levelsep=\dimen174
\smuggle@subtreesep=\dimen175
\this@levelsep=\dimen176
\this@subtreesep=\dimen177
\pgftree@childx=\dimen178
\pgftree@savechildx=\dimen179
\pgftree@childy=\dimen180
\pgftree@savechildy=\dimen181
\pgftree@childi=\count131
\pgftree@savechildi=\count132
\pgftree@level=\count133
\pgftree@depth=\dimen182
\pgf@subpic@hbox@children=\box41
\pgf@subpic@minx@children=\dimen183
\pgf@subpic@miny@children=\dimen184
\pgf@subpic@maxx@children=\dimen185
\pgf@subpic@maxy@children=\dimen186
\pgftree@lastchildx=\dimen187
\pgftree@lastchildy=\dimen188
))
(/usr/local/texlive/2014/texmf-dist/tex/latex/tikz-qtree/tikz-qtree.tex
\@result=\toks40
\child@list=\toks41
\root@node=\toks42
))
(./multiscale.aux)
\openout1 = `multiscale.aux'.

LaTeX Font Info:    Checking defaults for OML/cmm/m/it on input line 16.
LaTeX Font Info:    ... okay on input line 16.
LaTeX Font Info:    Checking defaults for T1/cmr/m/n on input line 16.
LaTeX Font Info:    ... okay on input line 16.
LaTeX Font Info:    Checking defaults for OT1/cmr/m/n on input line 16.
LaTeX Font Info:    ... okay on input line 16.
LaTeX Font Info:    Checking defaults for OMS/cmsy/m/n on input line 16.
LaTeX Font Info:    ... okay on input line 16.
LaTeX Font Info:    Checking defaults for OMX/cmex/m/n on input line 16.
LaTeX Font Info:    ... okay on input line 16.
LaTeX Font Info:    Checking defaults for U/cmr/m/n on input line 16.
LaTeX Font Info:    ... okay on input line 16.

(/usr/local/texlive/2014/texmf-dist/tex/context/base/supp-pdf.mkii
[Loading MPS to PDF converter (version 2006.09.02).]
\scratchcounter=\count134
\scratchdimen=\dimen189
\scratchbox=\box42
\nofMPsegments=\count135
\nofMParguments=\count136
\everyMPshowfont=\toks43
\MPscratchCnt=\count137
\MPscratchDim=\dimen190
\MPnumerator=\count138
\makeMPintoPDFobject=\count139
\everyMPtoPDFconversion=\toks44
) (/usr/local/texlive/2014/texmf-dist/tex/generic/oberdiek/pdftexcmds.sty
Package: pdftexcmds 2011/11/29 v0.20 Utility functions of pdfTeX for LuaTeX (HO
)

(/usr/local/texlive/2014/texmf-dist/tex/generic/oberdiek/ifluatex.sty
Package: ifluatex 2010/03/01 v1.3 Provides the ifluatex switch (HO)
Package ifluatex Info: LuaTeX not detected.
)
(/usr/local/texlive/2014/texmf-dist/tex/generic/oberdiek/ifpdf.sty
Package: ifpdf 2011/01/30 v2.3 Provides the ifpdf switch (HO)
Package ifpdf Info: pdfTeX in PDF mode is detected.
)
Package pdftexcmds Info: LuaTeX not detected.
Package pdftexcmds Info: \pdf@primitive is available.
Package pdftexcmds Info: \pdf@ifprimitive is available.
Package pdftexcmds Info: \pdfdraftmode found.
)
(/usr/local/texlive/2014/texmf-dist/tex/latex/oberdiek/epstopdf-base.sty
Package: epstopdf-base 2010/02/09 v2.5 Base part for package epstopdf

(/usr/local/texlive/2014/texmf-dist/tex/latex/oberdiek/grfext.sty
Package: grfext 2010/08/19 v1.1 Manage graphics extensions (HO)

(/usr/local/texlive/2014/texmf-dist/tex/generic/oberdiek/kvdefinekeys.sty
Package: kvdefinekeys 2011/04/07 v1.3 Define keys (HO)
))
(/usr/local/texlive/2014/texmf-dist/tex/latex/oberdiek/kvoptions.sty
Package: kvoptions 2011/06/30 v3.11 Key value format for package options (HO)

(/usr/local/texlive/2014/texmf-dist/tex/generic/oberdiek/kvsetkeys.sty
Package: kvsetkeys 2012/04/25 v1.16 Key value parser (HO)

(/usr/local/texlive/2014/texmf-dist/tex/generic/oberdiek/etexcmds.sty
Package: etexcmds 2011/02/16 v1.5 Avoid name clashes with e-TeX commands (HO)
Package etexcmds Info: Could not find \expanded.
(etexcmds)             That can mean that you are not using pdfTeX 1.50 or
(etexcmds)             that some package has redefined \expanded.
(etexcmds)             In the latter case, load this package earlier.
)))
Package grfext Info: Graphics extension search list:
(grfext)             [.png,.pdf,.jpg,.mps,.jpeg,.jbig2,.jb2,.PNG,.PDF,.JPG,.JPE
G,.JBIG2,.JB2,.eps]
(grfext)             \AppendGraphicsExtensions on input line 452.

(/usr/local/texlive/2014/texmf-dist/tex/latex/latexconfig/epstopdf-sys.cfg
File: epstopdf-sys.cfg 2010/07/13 v1.3 Configuration of (r)epstopdf for TeX Liv
e
))
Package caption Info: Begin \AtBeginDocument code.
Package caption Info: subfig package v1.3 is loaded.
Package caption Info: End \AtBeginDocument code.

ABD: EveryShipout initializing macros
\c@lem=\count140
\c@prop=\count141
\c@rem=\count142
\c@thm=\count143
LaTeX Font Info:    Try loading font information for U+msa on input line 26.

(/usr/local/texlive/2014/texmf-dist/tex/latex/amsfonts/umsa.fd
File: umsa.fd 2013/01/14 v3.01 AMS symbols A
)
LaTeX Font Info:    Try loading font information for U+msb on input line 26.

(/usr/local/texlive/2014/texmf-dist/tex/latex/amsfonts/umsb.fd
File: umsb.fd 2013/01/14 v3.01 AMS symbols B
)
LaTeX Font Info:    Try loading font information for OMS+cmr on input line 39.

(/usr/local/texlive/2014/texmf-dist/tex/latex/base/omscmr.fd
File: omscmr.fd 1999/05/25 v2.5h Standard LaTeX font definitions
)
LaTeX Font Info:    Font shape `OMS/cmr/m/n' in size <9> not available
(Font)              Font shape `OMS/cmsy/m/n' tried instead on input line 39.
 [1

{/usr/local/texlive/2014/texmf-var/fonts/map/pdftex/updmap/pdftex.map}] [2] [3]
 [4]
Package epstopdf Info: Source file: <fig11.eps>
(epstopdf)                    date: 2014-09-23 16:04:20
(epstopdf)                    size: 122203 bytes
(epstopdf)             Output file: <fig11-eps-converted-to.pdf>
(epstopdf)                    date: 2014-09-23 16:09:10
(epstopdf)                    size: 37638 bytes
(epstopdf)             Command: <repstopdf --outfile=fig11-eps-converted-to.pdf
 fig11.eps>
(epstopdf)             \includegraphics on input line 236.
Package epstopdf Info: Output file is already uptodate.

<fig11-eps-converted-to.pdf, id=36, 439.6425pt x 92.345pt>
File: fig11-eps-converted-to.pdf Graphic file (type pdf)

<use fig11-eps-converted-to.pdf>
Package pdftex.def Info: fig11-eps-converted-to.pdf used on input line 236.
(pdftex.def)             Requested size: 226.48395pt x 47.57158pt.
Package epstopdf Info: Source file: <fig12.eps>
(epstopdf)                    date: 2014-09-23 16:05:26
(epstopdf)                    size: 312774 bytes
(epstopdf)             Output file: <fig12-eps-converted-to.pdf>
(epstopdf)                    date: 2014-09-23 16:10:25
(epstopdf)                    size: 101460 bytes
(epstopdf)             Command: <repstopdf --outfile=fig12-eps-converted-to.pdf
 fig12.eps>
(epstopdf)             \includegraphics on input line 237.
Package epstopdf Info: Output file is already uptodate.

<fig12-eps-converted-to.pdf, id=37, 432.61626pt x 85.31876pt>
File: fig12-eps-converted-to.pdf Graphic file (type pdf)

<use fig12-eps-converted-to.pdf>
Package pdftex.def Info: fig12-eps-converted-to.pdf used on input line 237.
(pdftex.def)             Requested size: 226.48395pt x 44.66672pt.
 [5 <./fig11-eps-converted-to.pdf> <./fig12-eps-converted-to.pdf>] (./fig_tree.
tex) [6] [7] [8]
Package epstopdf Info: Source file: <figure51.eps>
(epstopdf)                    date: 2014-10-03 10:25:01
(epstopdf)                    size: 14431 bytes
(epstopdf)             Output file: <figure51-eps-converted-to.pdf>
(epstopdf)                    date: 2014-10-03 11:46:26
(epstopdf)                    size: 10083 bytes
(epstopdf)             Command: <repstopdf --outfile=figure51-eps-converted-to.
pdf figure51.eps>
(epstopdf)             \includegraphics on input line 389.
Package epstopdf Info: Output file is already uptodate.

<figure51-eps-converted-to.pdf, id=60, 477.785pt x 383.4325pt>
File: figure51-eps-converted-to.pdf Graphic file (type pdf)

<use figure51-eps-converted-to.pdf>
Package pdftex.def Info: figure51-eps-converted-to.pdf used on input line 389.
(pdftex.def)             Requested size: 181.18439pt x 145.40163pt.
 [9 <./figure51-eps-converted-to.pdf>]
Package epstopdf Info: Source file: <./figures/4_1_noise.eps>
(epstopdf)                    date: 2014-04-13 16:23:12
(epstopdf)                    size: 343234 bytes
(epstopdf)             Output file: <./figures/4_1_noise-eps-converted-to.pdf>
(epstopdf)                    date: 2014-04-13 16:29:35
(epstopdf)                    size: 243310 bytes
(epstopdf)             Command: <repstopdf --outfile=./figures/4_1_noise-eps-co
nverted-to.pdf ./figures/4_1_noise.eps>
(epstopdf)             \includegraphics on input line 414.
Package epstopdf Info: Output file is already uptodate.

<./figures/4_1_noise-eps-converted-to.pdf, id=69, 517.935pt x 517.935pt>
File: ./figures/4_1_noise-eps-converted-to.pdf Graphic file (type pdf)

<use ./figures/4_1_noise-eps-converted-to.pdf>
Package pdftex.def Info: ./figures/4_1_noise-eps-converted-to.pdf used on input
 line 414.
(pdftex.def)             Requested size: 85.35826pt x 85.35284pt.
Package epstopdf Info: Source file: <./figures/4_3_ksvd.eps>
(epstopdf)                    date: 2014-04-13 16:19:45
(epstopdf)                    size: 334259 bytes
(epstopdf)             Output file: <./figures/4_3_ksvd-eps-converted-to.pdf>
(epstopdf)                    date: 2014-04-13 16:29:32
(epstopdf)                    size: 213752 bytes
(epstopdf)             Command: <repstopdf --outfile=./figures/4_3_ksvd-eps-con
verted-to.pdf ./figures/4_3_ksvd.eps>
(epstopdf)             \includegraphics on input line 414.
Package epstopdf Info: Output file is already uptodate.

<./figures/4_3_ksvd-eps-converted-to.pdf, id=70, 517.935pt x 517.935pt>
File: ./figures/4_3_ksvd-eps-converted-to.pdf Graphic file (type pdf)

<use ./figures/4_3_ksvd-eps-converted-to.pdf>
Package pdftex.def Info: ./figures/4_3_ksvd-eps-converted-to.pdf used on input 
line 414.
(pdftex.def)             Requested size: 85.35826pt x 85.35284pt.
Package epstopdf Info: Source file: <./figures/4_4_tfnoise.eps>
(epstopdf)                    date: 2014-04-13 16:18:26
(epstopdf)                    size: 338756 bytes
(epstopdf)             Output file: <./figures/4_4_tfnoise-eps-converted-to.pdf
>
(epstopdf)                    date: 2014-04-13 16:30:42
(epstopdf)                    size: 228622 bytes
(epstopdf)             Command: <repstopdf --outfile=./figures/4_4_tfnoise-eps-
converted-to.pdf ./figures/4_4_tfnoise.eps>
(epstopdf)             \includegraphics on input line 415.
Package epstopdf Info: Output file is already uptodate.

<./figures/4_4_tfnoise-eps-converted-to.pdf, id=71, 517.935pt x 517.935pt>
File: ./figures/4_4_tfnoise-eps-converted-to.pdf Graphic file (type pdf)

<use ./figures/4_4_tfnoise-eps-converted-to.pdf>
Package pdftex.def Info: ./figures/4_4_tfnoise-eps-converted-to.pdf used on inp
ut line 415.
(pdftex.def)             Requested size: 85.35826pt x 85.35284pt.
Package epstopdf Info: Source file: <./figures/4_5_tfclean.eps>
(epstopdf)                    date: 2014-04-13 16:24:12
(epstopdf)                    size: 338784 bytes
(epstopdf)             Output file: <./figures/4_5_tfclean-eps-converted-to.pdf
>
(epstopdf)                    date: 2014-04-13 16:30:42
(epstopdf)                    size: 230023 bytes
(epstopdf)             Command: <repstopdf --outfile=./figures/4_5_tfclean-eps-
converted-to.pdf ./figures/4_5_tfclean.eps>
(epstopdf)             \includegraphics on input line 415.
Package epstopdf Info: Output file is already uptodate.

<./figures/4_5_tfclean-eps-converted-to.pdf, id=72, 517.935pt x 517.935pt>
File: ./figures/4_5_tfclean-eps-converted-to.pdf Graphic file (type pdf)

<use ./figures/4_5_tfclean-eps-converted-to.pdf>
Package pdftex.def Info: ./figures/4_5_tfclean-eps-converted-to.pdf used on inp
ut line 415.
(pdftex.def)             Requested size: 85.35826pt x 85.35284pt.
Package epstopdf Info: Source file: <./figures/4_7.eps>
(epstopdf)                    date: 2014-04-13 16:38:38
(epstopdf)                    size: 46778 bytes
(epstopdf)             Output file: <./figures/4_7-eps-converted-to.pdf>
(epstopdf)                    date: 2014-04-13 16:45:52
(epstopdf)                    size: 31070 bytes
(epstopdf)             Command: <repstopdf --outfile=./figures/4_7-eps-converte
d-to.pdf ./figures/4_7.eps>
(epstopdf)             \includegraphics on input line 423.
Package epstopdf Info: Output file is already uptodate.

<./figures/4_7-eps-converted-to.pdf, id=73, 154.5775pt x 205.76875pt>
File: ./figures/4_7-eps-converted-to.pdf Graphic file (type pdf)

<use ./figures/4_7-eps-converted-to.pdf>
Package pdftex.def Info: ./figures/4_7-eps-converted-to.pdf used on input line 
423.
(pdftex.def)             Requested size: 85.35826pt x 113.62842pt.
Package epstopdf Info: Source file: <./figures/4_8.eps>
(epstopdf)                    date: 2014-04-13 16:44:16
(epstopdf)                    size: 47242 bytes
(epstopdf)             Output file: <./figures/4_8-eps-converted-to.pdf>
(epstopdf)                    date: 2014-04-13 16:45:52
(epstopdf)                    size: 32513 bytes
(epstopdf)             Command: <repstopdf --outfile=./figures/4_8-eps-converte
d-to.pdf ./figures/4_8.eps>
(epstopdf)             \includegraphics on input line 423.
Package epstopdf Info: Output file is already uptodate.

<./figures/4_8-eps-converted-to.pdf, id=74, 154.5775pt x 205.76875pt>
File: ./figures/4_8-eps-converted-to.pdf Graphic file (type pdf)

<use ./figures/4_8-eps-converted-to.pdf>
Package pdftex.def Info: ./figures/4_8-eps-converted-to.pdf used on input line 
423.
(pdftex.def)             Requested size: 85.35826pt x 113.62842pt.
Package epstopdf Info: Source file: <./figures/4_6.eps>
(epstopdf)                    date: 2014-04-13 16:38:19
(epstopdf)                    size: 47168 bytes
(epstopdf)             Output file: <./figures/4_6-eps-converted-to.pdf>
(epstopdf)                    date: 2014-04-13 16:45:52
(epstopdf)                    size: 32190 bytes
(epstopdf)             Command: <repstopdf --outfile=./figures/4_6-eps-converte
d-to.pdf ./figures/4_6.eps>
(epstopdf)             \includegraphics on input line 423.
Package epstopdf Info: Output file is already uptodate.

<./figures/4_6-eps-converted-to.pdf, id=75, 154.5775pt x 205.76875pt>
File: ./figures/4_6-eps-converted-to.pdf Graphic file (type pdf)

<use ./figures/4_6-eps-converted-to.pdf>
Package pdftex.def Info: ./figures/4_6-eps-converted-to.pdf used on input line 
423.
(pdftex.def)             Requested size: 85.35826pt x 113.62842pt.
Package epstopdf Info: Source file: <./figures/3_2.eps>
(epstopdf)                    date: 2014-04-13 14:23:20
(epstopdf)                    size: 2082839 bytes
(epstopdf)             Output file: <./figures/3_2-eps-converted-to.pdf>
(epstopdf)                    date: 2014-04-13 14:28:58
(epstopdf)                    size: 1323334 bytes
(epstopdf)             Command: <repstopdf --outfile=./figures/3_2-eps-converte
d-to.pdf ./figures/3_2.eps>
(epstopdf)             \includegraphics on input line 430.
Package epstopdf Info: Output file is already uptodate.

<./figures/3_2-eps-converted-to.pdf, id=76, 1302.8675pt x 751.80875pt>
File: ./figures/3_2-eps-converted-to.pdf Graphic file (type pdf)

<use ./figures/3_2-eps-converted-to.pdf>
Package pdftex.def Info: ./figures/3_2-eps-converted-to.pdf used on input line 
430.
(pdftex.def)             Requested size: 170.71652pt x 98.50716pt.
Package epstopdf Info: Source file: <./figures/candle_noise.eps>
(epstopdf)                    date: 2014-04-21 15:55:31
(epstopdf)                    size: 463967 bytes
(epstopdf)             Output file: <./figures/candle_noise-eps-converted-to.pd
f>
(epstopdf)                    date: 2014-04-21 15:58:11
(epstopdf)                    size: 50583 bytes
(epstopdf)             Command: <repstopdf --outfile=./figures/candle_noise-eps
-converted-to.pdf ./figures/candle_noise.eps>
(epstopdf)             \includegraphics on input line 436.
Package epstopdf Info: Output file is already uptodate.

<./figures/candle_noise-eps-converted-to.pdf, id=77, 276.03125pt x 285.065pt>
File: ./figures/candle_noise-eps-converted-to.pdf Graphic file (type pdf)

<use ./figures/candle_noise-eps-converted-to.pdf>
Package pdftex.def Info: ./figures/candle_noise-eps-converted-to.pdf used on in
put line 436.
(pdftex.def)             Requested size: 113.81102pt x 117.53856pt.
Package epstopdf Info: Source file: <./figures/candle_clean.eps>
(epstopdf)                    date: 2014-04-21 15:55:55
(epstopdf)                    size: 463967 bytes
(epstopdf)             Output file: <./figures/candle_clean-eps-converted-to.pd
f>
(epstopdf)                    date: 2014-04-21 15:58:11
(epstopdf)                    size: 21842 bytes
(epstopdf)             Command: <repstopdf --outfile=./figures/candle_clean-eps
-converted-to.pdf ./figures/candle_clean.eps>
(epstopdf)             \includegraphics on input line 436.
Package epstopdf Info: Output file is already uptodate.

<./figures/candle_clean-eps-converted-to.pdf, id=78, 276.03125pt x 285.065pt>
File: ./figures/candle_clean-eps-converted-to.pdf Graphic file (type pdf)

<use ./figures/candle_clean-eps-converted-to.pdf>
Package pdftex.def Info: ./figures/candle_clean-eps-converted-to.pdf used on in
put line 436.
(pdftex.def)             Requested size: 113.81102pt x 117.53856pt.
Package epstopdf Info: Source file: <./figures/bird_noise.eps>
(epstopdf)                    date: 2014-04-21 15:53:09
(epstopdf)                    size: 368288 bytes
(epstopdf)             Output file: <./figures/bird_noise-eps-converted-to.pdf>

(epstopdf)                    date: 2014-04-21 15:58:12
(epstopdf)                    size: 136408 bytes
(epstopdf)             Command: <repstopdf --outfile=./figures/bird_noise-eps-c
onverted-to.pdf ./figures/bird_noise.eps>
(epstopdf)             \includegraphics on input line 437.
Package epstopdf Info: Output file is already uptodate.

<./figures/bird_noise-eps-converted-to.pdf, id=79, 305.14pt x 204.765pt>
File: ./figures/bird_noise-eps-converted-to.pdf Graphic file (type pdf)

<use ./figures/bird_noise-eps-converted-to.pdf>
Package pdftex.def Info: ./figures/bird_noise-eps-converted-to.pdf used on inpu
t line 437.
(pdftex.def)             Requested size: 113.81102pt x 76.37424pt.
Package epstopdf Info: Source file: <./figures/bird_clean.eps>
(epstopdf)                    date: 2014-04-21 15:53:23
(epstopdf)                    size: 368288 bytes
(epstopdf)             Output file: <./figures/bird_clean-eps-converted-to.pdf>

(epstopdf)                    date: 2014-04-21 16:02:02
(epstopdf)                    size: 23349 bytes
(epstopdf)             Command: <repstopdf --outfile=./figures/bird_clean-eps-c
onverted-to.pdf ./figures/bird_clean.eps>
(epstopdf)             \includegraphics on input line 437.
Package epstopdf Info: Output file is already uptodate.

<./figures/bird_clean-eps-converted-to.pdf, id=80, 305.14pt x 204.765pt>
File: ./figures/bird_clean-eps-converted-to.pdf Graphic file (type pdf)

<use ./figures/bird_clean-eps-converted-to.pdf>
Package pdftex.def Info: ./figures/bird_clean-eps-converted-to.pdf used on inpu
t line 437.
(pdftex.def)             Requested size: 113.81102pt x 76.37424pt.
 [10 <./figures/4_1_noise-eps-converted-to.pdf> <./figures/4_3_ksvd-eps-convert
ed-to.pdf> <./figures/4_4_tfnoise-eps-converted-to.pdf> <./figures/4_5_tfclean-
eps-converted-to.pdf> <./figures/4_7-eps-converted-to.pdf> <./figures/4_8-eps-c
onverted-to.pdf> <./figures/4_6-eps-converted-to.pdf> <./figures/3_2-eps-conver
ted-to.pdf>]
Overfull \hbox (9.0933pt too wide) in paragraph at lines 455--455
[]\OT1/cmr/bx/n/12 Compare Dic-tio-nary Learn-ing and the Pro-posed One Layer M
odel 
 []

[11 <./figures/candle_noise-eps-converted-to.pdf> <./figures/candle_clean-eps-c
onverted-to.pdf> <./figures/bird_noise-eps-converted-to.pdf> <./figures/bird_cl
ean-eps-converted-to.pdf>] [12] (./multiscale.bbl [13]) [14] (./multiscale.aux)
 ) 
Here is how much of TeX's memory you used:
 14254 strings out of 493117
 279465 string characters out of 6135433
 347024 words of memory out of 5000000
 17409 multiletter control sequences out of 15000+600000
 13393 words of font info for 52 fonts, out of 8000000 for 9000
 1141 hyphenation exceptions out of 8191
 62i,20n,75p,1248b,1090s stack positions out of 5000i,500n,10000p,200000b,80000s
</usr/local/texlive/2014/texmf-dist/fonts/type1/public/amsfonts/cm/cmbx12.pfb
></usr/local/texlive/2014/texmf-dist/fonts/type1/public/amsfonts/cm/cmbx9.pfb><
/usr/local/texlive/2014/texmf-dist/fonts/type1/public/amsfonts/cmextra/cmex9.pf
b></usr/local/texlive/2014/texmf-dist/fonts/type1/public/amsfonts/cm/cmmi5.pfb>
</usr/local/texlive/2014/texmf-dist/fonts/type1/public/amsfonts/cm/cmmi6.pfb></
usr/local/texlive/2014/texmf-dist/fonts/type1/public/amsfonts/cm/cmmi9.pfb></us
r/local/texlive/2014/texmf-dist/fonts/type1/public/amsfonts/cm/cmr10.pfb></usr/
local/texlive/2014/texmf-dist/fonts/type1/public/amsfonts/cm/cmr12.pfb></usr/lo
cal/texlive/2014/texmf-dist/fonts/type1/public/amsfonts/cm/cmr17.pfb></usr/loca
l/texlive/2014/texmf-dist/fonts/type1/public/amsfonts/cm/cmr5.pfb></usr/local/t
exlive/2014/texmf-dist/fonts/type1/public/amsfonts/cm/cmr6.pfb></usr/local/texl
ive/2014/texmf-dist/fonts/type1/public/amsfonts/cm/cmr8.pfb></usr/local/texlive
/2014/texmf-dist/fonts/type1/public/amsfonts/cm/cmr9.pfb></usr/local/texlive/20
14/texmf-dist/fonts/type1/public/amsfonts/cm/cmsy6.pfb></usr/local/texlive/2014
/texmf-dist/fonts/type1/public/amsfonts/cm/cmsy9.pfb></usr/local/texlive/2014/t
exmf-dist/fonts/type1/public/amsfonts/cm/cmti9.pfb></usr/local/texlive/2014/tex
mf-dist/fonts/type1/public/amsfonts/symbols/msbm10.pfb></usr/local/texlive/2014
/texmf-dist/fonts/type1/public/amsfonts/symbols/msbm7.pfb>
Output written on multiscale.pdf (14 pages, 2924400 bytes).
PDF statistics:
 248 PDF objects out of 1000 (max. 8388607)
 131 compressed objects within 2 object streams
 0 named destinations out of 1000 (max. 500000)
 88 words of extra memory for PDF output out of 10000 (max. 10000000)

